D:\Lactafarma\TypeScript\CarDemo\AspNetCore.TypeScript\Scripts\car-v2.js
D:\Lactafarma\TypeScript\CarDemo\AspNetCore.TypeScript\Scripts\car-v2.js
D:\Lactafarma\TypeScript\CarDemo\AspNetCore.TypeScript\Scripts\car-v2.js
D:\Lactafarma\TypeScript\CarDemo\AspNetCore.TypeScript\Scripts\car-v2.js
D:\Lactafarma\TypeScript\CarDemo\AspNetCore.TypeScript\Scripts\car-v2.js
D:\Lactafarma\TypeScript\CarDemo\AspNetCore.TypeScript\Scripts\car-v2.js
D:\Lactafarma\TypeScript\CarDemo\AspNetCore.TypeScript\Scripts\car-v2.js
D:\Lactafarma\TypeScript\CarDemo\AspNetCore.TypeScript\Scripts\car-v2.js
D:\Lactafarma\TypeScript\CarDemo\AspNetCore.TypeScript\Scripts\car-v2.js
D:\Lactafarma\TypeScript\CarDemo\AspNetCore.TypeScript\Scripts\car-v2.js
D:\Lactafarma\TypeScript\CarDemo\AspNetCore.TypeScript\Scripts\car-v2.js
D:\Lactafarma\TypeScript\CarDemo\AspNetCore.TypeScript\Scripts\car-v2.js
D:\Lactafarma\TypeScript\CarDemo\AspNetCore.TypeScript\Scripts\car-v2.js
D:\Lactafarma\TypeScript\CarDemo\AspNetCore.TypeScript\Scripts\car-v2.js
D:\Lactafarma\TypeScript\CarDemo\AspNetCore.TypeScript\wwwroot\Scripts\car-v2.js
D:\Lactafarma\TypeScript\CarDemo\AspNetCore.TypeScript\wwwroot\js\car-v2.js
D:\Lactafarma\TypeScript\CarDemo\AspNetCore.TypeScript\wwwroot\js\car-v2.js
D:\Lactafarma\TypeScript\CarDemo\AspNetCore.TypeScript\wwwroot\js\car-v2.js
D:\Lactafarma\TypeScript\CarDemo\AspNetCore.TypeScript\wwwroot\js\car-v2.js
D:\Lactafarma\TypeScript\CarDemo\AspNetCore.TypeScript\wwwroot\js\car-v2.js.map
D:\Lactafarma\TypeScript\CarDemo\AspNetCore.TypeScript\wwwroot\js\car-v2.js
D:\Lactafarma\TypeScript\CarDemo\AspNetCore.TypeScript\wwwroot\js\car-v2.js.map
D:\Lactafarma\TypeScript\CarDemo\AspNetCore.TypeScript\wwwroot\js\car-v2.js
D:\Lactafarma\TypeScript\CarDemo\AspNetCore.TypeScript\wwwroot\js\car-v2.js.map
D:\Lactafarma\TypeScript\CarDemo\AspNetCore.TypeScript\wwwroot\js\car-v2.js
D:\Lactafarma\TypeScript\CarDemo\AspNetCore.TypeScript\wwwroot\js\car-v2.js.map
D:\Lactafarma\TypeScript\CarDemo\AspNetCore.TypeScript\wwwroot\js\car-v2.js
D:\Lactafarma\TypeScript\CarDemo\AspNetCore.TypeScript\wwwroot\js\car-v2.js.map
D:\Lactafarma\TypeScript\CarDemo\AspNetCore.TypeScript\wwwroot\js\car-v2.js
D:\Lactafarma\TypeScript\CarDemo\AspNetCore.TypeScript\wwwroot\js\car-v2.js.map
D:\Lactafarma\TypeScript\CarDemo\AspNetCore.TypeScript\wwwroot\js\car-v2.js
D:\Lactafarma\TypeScript\CarDemo\AspNetCore.TypeScript\wwwroot\js\car-v2.js.map
D:\Lactafarma\TypeScript\CarDemo\AspNetCore.TypeScript\wwwroot\js\car-v2.js
D:\Lactafarma\TypeScript\CarDemo\AspNetCore.TypeScript\wwwroot\js\car-v2.js.map
D:\Lactafarma\TypeScript\CarDemo\AspNetCore.TypeScript\wwwroot\js\car-v2.js
D:\Lactafarma\TypeScript\CarDemo\AspNetCore.TypeScript\wwwroot\js\car-v2.js.map
D:\Lactafarma\TypeScript\CarDemo\AspNetCore.TypeScript\wwwroot\js\car-v2.js
D:\Lactafarma\TypeScript\CarDemo\AspNetCore.TypeScript\wwwroot\js\car-v2.js.map
D:\Lactafarma\TypeScript\CarDemo\AspNetCore.TypeScript\wwwroot\js\car-v2.js
D:\Lactafarma\TypeScript\CarDemo\AspNetCore.TypeScript\wwwroot\js\car-v2.js.map
D:\Lactafarma\TypeScript\CarDemo\AspNetCore.TypeScript\wwwroot\js\car-v2.js
D:\Lactafarma\TypeScript\CarDemo\AspNetCore.TypeScript\wwwroot\js\car-v2.js.map
D:\Lactafarma\TypeScript\CarDemo\AspNetCore.TypeScript\wwwroot\js\car-v2.js
D:\Lactafarma\TypeScript\CarDemo\AspNetCore.TypeScript\wwwroot\js\car-v2.js.map
D:\Lactafarma\TypeScript\CarDemo\AspNetCore.TypeScript\wwwroot\js\car-v2.js
D:\Lactafarma\TypeScript\CarDemo\AspNetCore.TypeScript\wwwroot\js\car-v2.js.map
D:\Lactafarma\TypeScript\CarDemo\AspNetCore.TypeScript\wwwroot\js\car-v2.js
D:\Lactafarma\TypeScript\CarDemo\AspNetCore.TypeScript\wwwroot\js\car-v2.js.map
D:\Lactafarma\TypeScript\CarDemo\AspNetCore.TypeScript\wwwroot\js\car-v2.js
D:\Lactafarma\TypeScript\CarDemo\AspNetCore.TypeScript\wwwroot\js\car-v2.js.map
D:\Lactafarma\TypeScript\CarDemo\AspNetCore.TypeScript\wwwroot\js\car-v2.js
D:\Lactafarma\TypeScript\CarDemo\AspNetCore.TypeScript\wwwroot\js\car-v2.js.map
D:\Lactafarma\TypeScript\CarDemo\AspNetCore.TypeScript\wwwroot\js\car-v2.js
D:\Lactafarma\TypeScript\CarDemo\AspNetCore.TypeScript\wwwroot\js\car-v2.js.map
D:\Lactafarma\TypeScript\CarDemo\AspNetCore.TypeScript\wwwroot\js\car-v2.js
D:\Lactafarma\TypeScript\CarDemo\AspNetCore.TypeScript\wwwroot\js\car-v2.js.map
D:\Lactafarma\TypeScript\CarDemo\AspNetCore.TypeScript\wwwroot\js\car-v2.js
D:\Lactafarma\TypeScript\CarDemo\AspNetCore.TypeScript\wwwroot\js\car-v2.js.map
D:\Lactafarma\TypeScript\CarDemo\AspNetCore.TypeScript\wwwroot\js\car-v2.js
D:\Lactafarma\TypeScript\CarDemo\AspNetCore.TypeScript\wwwroot\js\car-v2.js.map
D:\Lactafarma\TypeScript\CarDemo\AspNetCore.TypeScript\wwwroot\js\car-v2.js
D:\Lactafarma\TypeScript\CarDemo\AspNetCore.TypeScript\wwwroot\js\car-v2.js.map
D:\Lactafarma\TypeScript\CarDemo\AspNetCore.TypeScript\wwwroot\js\car-v2.js
D:\Lactafarma\TypeScript\CarDemo\AspNetCore.TypeScript\wwwroot\js\car-v2.js.map
D:\Lactafarma\TypeScript\CarDemo\AspNetCore.TypeScript\wwwroot\js\car-v2.js
D:\Lactafarma\TypeScript\CarDemo\AspNetCore.TypeScript\wwwroot\js\car-v2.js.map
D:\Lactafarma\TypeScript\CarDemo\AspNetCore.TypeScript\wwwroot\js\car-v2.js
D:\Lactafarma\TypeScript\CarDemo\AspNetCore.TypeScript\wwwroot\js\car-v2.js.map
D:\Lactafarma\TypeScript\CarDemo\AspNetCore.TypeScript\wwwroot\js\car-v2.js
D:\Lactafarma\TypeScript\CarDemo\AspNetCore.TypeScript\wwwroot\js\car-v2.js.map
D:\Lactafarma\TypeScript\CarDemo\AspNetCore.TypeScript\wwwroot\js\car-v2.js
D:\Lactafarma\TypeScript\CarDemo\AspNetCore.TypeScript\wwwroot\js\car-v2.js.map
D:\Lactafarma\TypeScript\CarDemo\AspNetCore.TypeScript\wwwroot\js\car-v2.js
D:\Lactafarma\TypeScript\CarDemo\AspNetCore.TypeScript\wwwroot\js\car-v2.js.map
D:\Lactafarma\TypeScript\CarDemo\AspNetCore.TypeScript\wwwroot\js\car-v2.js
D:\Lactafarma\TypeScript\CarDemo\AspNetCore.TypeScript\wwwroot\js\car-v2.js.map
D:\Lactafarma\TypeScript\CarDemo\AspNetCore.TypeScript\wwwroot\js\car-v2.js
D:\Lactafarma\TypeScript\CarDemo\AspNetCore.TypeScript\wwwroot\js\car-v2.js.map
D:\Lactafarma\TypeScript\CarDemo\AspNetCore.TypeScript\wwwroot\js\car-v2.js
D:\Lactafarma\TypeScript\CarDemo\AspNetCore.TypeScript\wwwroot\js\car-v2.js.map
D:\Lactafarma\TypeScript\CarDemo\AspNetCore.TypeScript\wwwroot\js\car-v2.js
D:\Lactafarma\TypeScript\CarDemo\AspNetCore.TypeScript\wwwroot\js\car-v2.js.map
D:\Lactafarma\TypeScript\CarDemo\AspNetCore.TypeScript\wwwroot\js\car-v2.js
D:\Lactafarma\TypeScript\CarDemo\AspNetCore.TypeScript\wwwroot\js\car-v2.js.map
D:\Lactafarma\TypeScript\CarDemo\AspNetCore.TypeScript\wwwroot\js\car-v2.js
D:\Lactafarma\TypeScript\CarDemo\AspNetCore.TypeScript\wwwroot\js\car-v2.js.map
D:\Lactafarma\TypeScript\CarDemo\AspNetCore.TypeScript\wwwroot\js\car-v2.js
D:\Lactafarma\TypeScript\CarDemo\AspNetCore.TypeScript\wwwroot\js\car-v2.js.map
D:\Lactafarma\TypeScript\CarDemo\AspNetCore.TypeScript\wwwroot\js\car-v2.js
D:\Lactafarma\TypeScript\CarDemo\AspNetCore.TypeScript\wwwroot\js\car-v2.js.map
D:\Lactafarma\TypeScript\CarDemo\AspNetCore.TypeScript\wwwroot\js\.js
D:\Lactafarma\TypeScript\CarDemo\AspNetCore.TypeScript\wwwroot\js\.js.map
D:\Lactafarma\TypeScript\CarDemo\AspNetCore.TypeScript\car-v2.js
D:\Lactafarma\TypeScript\CarDemo\AspNetCore.TypeScript\car-v2.js.map
D:\Lactafarma\TypeScript\CarDemo\AspNetCore.TypeScript\car-v2.js
D:\Lactafarma\TypeScript\CarDemo\AspNetCore.TypeScript\car-v2.js.map
D:\Lactafarma\TypeScript\CarDemo\AspNetCore.TypeScript\car-v2.js
D:\Lactafarma\TypeScript\CarDemo\AspNetCore.TypeScript\car-v2.js.map
D:\Lactafarma\TypeScript\CarDemo\AspNetCore.TypeScript\car-v2.js
D:\Lactafarma\TypeScript\CarDemo\AspNetCore.TypeScript\car-v2.js.map
D:\Lactafarma\TypeScript\CarDemo\AspNetCore.TypeScript\car-v2.js
D:\Lactafarma\TypeScript\CarDemo\AspNetCore.TypeScript\car-v2.js.map
D:\Lactafarma\TypeScript\CarDemo\AspNetCore.TypeScript\car-v2.js
D:\Lactafarma\TypeScript\CarDemo\AspNetCore.TypeScript\car-v2.js.map
D:\Lactafarma\TypeScript\CarDemo\AspNetCore.TypeScript\car-v2.js
D:\Lactafarma\TypeScript\CarDemo\AspNetCore.TypeScript\car-v2.js.map
D:\Lactafarma\TypeScript\CarDemo\AspNetCore.TypeScript\car-v2.js
D:\Lactafarma\TypeScript\CarDemo\AspNetCore.TypeScript\car-v2.js.map
D:\Lactafarma\TypeScript\CarDemo\AspNetCore.TypeScript\car-v2.js
D:\Lactafarma\TypeScript\CarDemo\AspNetCore.TypeScript\car-v2.js.map
D:\Lactafarma\TypeScript\CarDemo\AspNetCore.TypeScript\car-v2.js
D:\Lactafarma\TypeScript\CarDemo\AspNetCore.TypeScript\car-v2.js.map
D:\Lactafarma\TypeScript\CarDemo\AspNetCore.TypeScript\car-v2.js
D:\Lactafarma\TypeScript\CarDemo\AspNetCore.TypeScript\car-v2.js.map
D:\Lactafarma\TypeScript\CarDemo\AspNetCore.TypeScript\car-v2.js
D:\Lactafarma\TypeScript\CarDemo\AspNetCore.TypeScript\car-v2.js.map
D:\Lactafarma\TypeScript\CarDemo\AspNetCore.TypeScript\car-v2.js
D:\Lactafarma\TypeScript\CarDemo\AspNetCore.TypeScript\car-v2.js.map
D:\Lactafarma\TypeScript\CarDemo\AspNetCore.TypeScript\scripts\app.js
D:\Lactafarma\TypeScript\CarDemo\AspNetCore.TypeScript\scripts\app.js.map
D:\Lactafarma\TypeScript\CarDemo\AspNetCore.TypeScript\scripts\app.js
D:\Lactafarma\TypeScript\CarDemo\AspNetCore.TypeScript\scripts\app.js.map
D:\Lactafarma\TypeScript\CarDemo\AspNetCore.TypeScript\js\car-v2.js
D:\Lactafarma\TypeScript\CarDemo\AspNetCore.TypeScript\js\car-v2.js.map
D:\Lactafarma\TypeScript\CarDemo\AspNetCore.TypeScript\js\car-v2.js
D:\Lactafarma\TypeScript\CarDemo\AspNetCore.TypeScript\js\car-v2.js.map
D:\Lactafarma\TypeScript\CarDemo\AspNetCore.TypeScript\js\car-v2.js
D:\Lactafarma\TypeScript\CarDemo\AspNetCore.TypeScript\js\car-v2.js.map
D:\Lactafarma\TypeScript\CarDemo\AspNetCore.TypeScript\js\car-v2.js
D:\Lactafarma\TypeScript\CarDemo\AspNetCore.TypeScript\js\car-v2.js.map
D:\Lactafarma\TypeScript\CarDemo\AspNetCore.TypeScript\js\car-v2.js
D:\Lactafarma\TypeScript\CarDemo\AspNetCore.TypeScript\js\car-v2.js.map
